[
  {
    "level": "INFO",
    "message": "android.ndkVersion from module build.gradle is not set"
  },
  {
    "level": "INFO",
    "message": "ndk.dir in local.properties is D:\\xiaoqi\\work\\android-ndk-r20"
  },
  {
    "level": "INFO",
    "message": "ANDROID_NDK_HOME environment variable is not set"
  },
  {
    "level": "INFO",
    "message": "sdkFolder is D:\\xiaoqi\\work\\androidsdk"
  },
  {
    "level": "INFO",
    "message": "Considering D:\\xiaoqi\\work\\android-ndk-r20 by ndk.dir"
  },
  {
    "level": "INFO",
    "message": "Considering D:\\xiaoqi\\work\\androidsdk\\ndk-bundle in SDK ndk-bundle folder"
  },
  {
    "level": "INFO",
    "message": "Considering D:\\xiaoqi\\work\\androidsdk\\ndk\\21.0.6113669 in SDK ndk folder"
  },
  {
    "level": "INFO",
    "message": "Considering D:\\xiaoqi\\work\\androidsdk\\ndk\\23.0.7599858 in SDK ndk folder"
  },
  {
    "level": "INFO",
    "message": "Rejected D:\\xiaoqi\\work\\androidsdk\\ndk-bundle in SDK ndk-bundle folder because that location has no source.properties"
  },
  {
    "level": "INFO",
    "message": "Found requested ndk.dir (D:\\xiaoqi\\work\\android-ndk-r20) which has version 20.0.5594570"
  }
]